{"level":"info","message":"\n MongoDB connected !! DB HOST: cluster0-shard-00-01.0v58v.mongodb.net","timestamp":"2025-12-18T11:54:28.448Z"}
{"level":"info","message":"Server is running at port : 8000","timestamp":"2025-12-18T11:54:28.458Z"}
[32minfo[39m: [32m[39m
[32m MongoDB connected !! DB HOST: cluster0-shard-00-02.0v58v.mongodb.net[39m {"timestamp":"2025-12-18T11:55:32.456Z"}
[32minfo[39m: [32mServer is running at port : 8000[39m {"timestamp":"2025-12-18T11:55:32.463Z"}
{"level":"info","message":"\n MongoDB connected !! DB HOST: cluster0-shard-00-01.0v58v.mongodb.net","timestamp":"2025-12-18T11:56:36.033Z"}
{"level":"info","message":"Server is running at port : 8000","timestamp":"2025-12-18T11:56:36.041Z"}
{"level":"info","message":"\n MongoDB connected !! DB HOST: cluster0-shard-00-01.0v58v.mongodb.net","timestamp":"2025-12-18T11:57:28.946Z"}
{"level":"error","message":"Server is running at port : 8000","timestamp":"2025-12-18T11:57:28.955Z"}
{"level":"info","message":"\n MongoDB connected !! DB HOST: cluster0-shard-00-00.0v58v.mongodb.net","timestamp":"2025-12-18T11:57:44.130Z"}
{"level":"info","message":"Server is running at port : 8000","timestamp":"2025-12-18T11:57:44.138Z"}
{"level":"info","message":"\n MongoDB connected !! DB HOST: cluster0-shard-00-00.0v58v.mongodb.net","timestamp":"2025-12-18T11:58:34.123Z"}
{"level":"info","message":"Server is running at port : 8000","timestamp":"2025-12-18T11:58:34.130Z"}
{"level":"info","message":"\n MongoDB connected !! DB HOST: cluster0-shard-00-00.0v58v.mongodb.net","timestamp":"2025-12-18T11:58:42.298Z"}
{"level":"info","message":"Server is running at port : 8000","timestamp":"2025-12-18T11:58:42.306Z"}
{"level":"info","message":"\n MongoDB connected !! DB HOST: cluster0-shard-00-01.0v58v.mongodb.net","timestamp":"2025-12-18T11:59:36.084Z"}
{"level":"info","message":"Server is running at port : 8000","timestamp":"2025-12-18T11:59:36.095Z"}
{"level":"info","message":"\n MongoDB connected !! DB HOST: cluster0-shard-00-01.0v58v.mongodb.net","timestamp":"2025-12-18T12:00:15.493Z"}
{"level":"info","message":"Server is running at port : 8000","timestamp":"2025-12-18T12:00:15.500Z"}
{"level":"info","message":"\n MongoDB connected !! DB HOST: cluster0-shard-00-02.0v58v.mongodb.net","timestamp":"2025-12-18T12:00:51.974Z"}
{"level":"info","message":"Server is running at port : 8000","timestamp":"2025-12-18T12:00:51.985Z"}
{"level":"info","message":"\n MongoDB connected !! DB HOST: cluster0-shard-00-01.0v58v.mongodb.net","timestamp":"2025-12-18T12:01:14.059Z"}
{"level":"info","message":"Server is running at port : 8000","timestamp":"2025-12-18T12:01:14.067Z"}
{"level":"info","message":"\n MongoDB connected !! DB HOST: cluster0-shard-00-00.0v58v.mongodb.net","timestamp":"2025-12-18T12:13:23.271Z"}
{"level":"info","message":"Server is running at port : 8000","timestamp":"2025-12-18T12:13:23.280Z"}
{"level":"info","message":"\n MongoDB connected !! DB HOST: cluster0-shard-00-00.0v58v.mongodb.net","timestamp":"2025-12-18T12:14:37.762Z"}
{"level":"info","message":"Server is running at port : 8000","timestamp":"2025-12-18T12:14:37.770Z"}
{"level":"info","message":"\n MongoDB connected !! DB HOST: cluster0-shard-00-02.0v58v.mongodb.net","timestamp":"2025-12-18T12:14:53.595Z"}
{"level":"info","message":"Server is running at port : 8000","timestamp":"2025-12-18T12:14:53.605Z"}
{"level":"info","message":"\n MongoDB connected !! DB HOST: cluster0-shard-00-01.0v58v.mongodb.net","timestamp":"2025-12-18T12:15:40.512Z"}
{"level":"info","message":"Server is running at port : 8000","timestamp":"2025-12-18T12:15:40.522Z"}
{"level":"info","message":"\n MongoDB connected !! DB HOST: cluster0-shard-00-01.0v58v.mongodb.net","timestamp":"2025-12-18T12:17:07.026Z"}
{"level":"info","message":"Server is running at port : 8000","timestamp":"2025-12-18T12:17:07.033Z"}
{"level":"info","message":"\n MongoDB connected !! DB HOST: cluster0-shard-00-02.0v58v.mongodb.net","timestamp":"2025-12-18T12:18:17.458Z"}
{"level":"info","message":"Server is running at port : 8000","timestamp":"2025-12-18T12:18:17.465Z"}
{"level":"info","message":"\n MongoDB connected !! DB HOST: cluster0-shard-00-00.0v58v.mongodb.net","timestamp":"2025-12-18T12:18:32.913Z"}
{"level":"info","message":"Server is running at port : 8000","timestamp":"2025-12-18T12:18:32.921Z"}
{"level":"info","message":"\n MongoDB connected !! DB HOST: cluster0-shard-00-02.0v58v.mongodb.net","timestamp":"2025-12-18T12:18:55.271Z"}
{"level":"info","message":"Server is running at port : 8000","timestamp":"2025-12-18T12:18:55.282Z"}
{"level":"info","message":"\n MongoDB connected !! DB HOST: cluster0-shard-00-01.0v58v.mongodb.net","timestamp":"2025-12-18T12:20:45.879Z"}
{"level":"info","message":"Server is running at port : 8000","timestamp":"2025-12-18T12:20:45.886Z"}
{"level":"info","message":"\n MongoDB connected !! DB HOST: cluster0-shard-00-02.0v58v.mongodb.net","timestamp":"2025-12-18T12:21:25.314Z"}
{"level":"info","message":"Server is running at port : 8000","timestamp":"2025-12-18T12:21:25.327Z"}
{"level":"info","message":"\n MongoDB connected !! DB HOST: cluster0-shard-00-01.0v58v.mongodb.net","timestamp":"2025-12-18T12:21:51.468Z"}
{"level":"info","message":"Server is running at port : 8000","timestamp":"2025-12-18T12:21:51.477Z"}
{"level":"info","message":"\n MongoDB connected !! DB HOST: cluster0-shard-00-02.0v58v.mongodb.net","timestamp":"2025-12-18T12:22:10.584Z"}
{"level":"info","message":"Server is running at port : 8000","timestamp":"2025-12-18T12:22:10.592Z"}
{"cause":{"commonWireVersion":0,"compatible":true,"heartbeatFrequencyMS":10000,"localThresholdMS":15,"logicalSessionTimeoutMinutes":null,"maxElectionId":null,"maxSetVersion":null,"servers":{"cluster0-shard-00-00.0v58v.mongodb.net:27017":{"$clusterTime":null,"address":"cluster0-shard-00-00.0v58v.mongodb.net:27017","arbiters":[],"electionId":null,"error":{"beforeHandshake":false,"errorLabelSet":{}},"hosts":[],"iscryptd":false,"lastUpdateTime":26103398,"lastWriteDate":0,"logicalSessionTimeoutMinutes":null,"maxBsonObjectSize":null,"maxMessageSizeBytes":null,"maxWireVersion":0,"maxWriteBatchSize":null,"me":null,"minRoundTripTime":0,"minWireVersion":0,"passives":[],"primary":null,"roundTripTime":-1,"setName":null,"setVersion":null,"tags":{},"topologyVersion":null,"type":"Unknown"},"cluster0-shard-00-01.0v58v.mongodb.net:27017":{"$clusterTime":null,"address":"cluster0-shard-00-01.0v58v.mongodb.net:27017","arbiters":[],"electionId":null,"error":{"beforeHandshake":false,"errorLabelSet":{}},"hosts":[],"iscryptd":false,"lastUpdateTime":26103399,"lastWriteDate":0,"logicalSessionTimeoutMinutes":null,"maxBsonObjectSize":null,"maxMessageSizeBytes":null,"maxWireVersion":0,"maxWriteBatchSize":null,"me":null,"minRoundTripTime":0,"minWireVersion":0,"passives":[],"primary":null,"roundTripTime":-1,"setName":null,"setVersion":null,"tags":{},"topologyVersion":null,"type":"Unknown"},"cluster0-shard-00-02.0v58v.mongodb.net:27017":{"$clusterTime":null,"address":"cluster0-shard-00-02.0v58v.mongodb.net:27017","arbiters":[],"electionId":null,"error":{"beforeHandshake":false,"errorLabelSet":{}},"hosts":[],"iscryptd":false,"lastUpdateTime":26103396,"lastWriteDate":0,"logicalSessionTimeoutMinutes":null,"maxBsonObjectSize":null,"maxMessageSizeBytes":null,"maxWireVersion":0,"maxWriteBatchSize":null,"me":null,"minRoundTripTime":0,"minWireVersion":0,"passives":[],"primary":null,"roundTripTime":-1,"setName":null,"setVersion":null,"tags":{},"topologyVersion":null,"type":"Unknown"}},"setName":"atlas-13y5df-shard-0","stale":false,"type":"ReplicaSetNoPrimary"},"errorLabelSet":{},"level":"error","message":"MONGODB connection FAILED  Could not connect to any servers in your MongoDB Atlas cluster. One common reason is that you're trying to access the database from an IP that isn't whitelisted. Make sure your current IP address is on your Atlas cluster's IP whitelist: https://www.mongodb.com/docs/atlas/security-whitelist/","reason":{"commonWireVersion":0,"compatible":true,"heartbeatFrequencyMS":10000,"localThresholdMS":15,"logicalSessionTimeoutMinutes":null,"maxElectionId":null,"maxSetVersion":null,"servers":{"cluster0-shard-00-00.0v58v.mongodb.net:27017":{"$clusterTime":null,"address":"cluster0-shard-00-00.0v58v.mongodb.net:27017","arbiters":[],"electionId":null,"error":{"beforeHandshake":false,"errorLabelSet":{}},"hosts":[],"iscryptd":false,"lastUpdateTime":26103398,"lastWriteDate":0,"logicalSessionTimeoutMinutes":null,"maxBsonObjectSize":null,"maxMessageSizeBytes":null,"maxWireVersion":0,"maxWriteBatchSize":null,"me":null,"minRoundTripTime":0,"minWireVersion":0,"passives":[],"primary":null,"roundTripTime":-1,"setName":null,"setVersion":null,"tags":{},"topologyVersion":null,"type":"Unknown"},"cluster0-shard-00-01.0v58v.mongodb.net:27017":{"$clusterTime":null,"address":"cluster0-shard-00-01.0v58v.mongodb.net:27017","arbiters":[],"electionId":null,"error":{"beforeHandshake":false,"errorLabelSet":{}},"hosts":[],"iscryptd":false,"lastUpdateTime":26103399,"lastWriteDate":0,"logicalSessionTimeoutMinutes":null,"maxBsonObjectSize":null,"maxMessageSizeBytes":null,"maxWireVersion":0,"maxWriteBatchSize":null,"me":null,"minRoundTripTime":0,"minWireVersion":0,"passives":[],"primary":null,"roundTripTime":-1,"setName":null,"setVersion":null,"tags":{},"topologyVersion":null,"type":"Unknown"},"cluster0-shard-00-02.0v58v.mongodb.net:27017":{"$clusterTime":null,"address":"cluster0-shard-00-02.0v58v.mongodb.net:27017","arbiters":[],"electionId":null,"error":{"beforeHandshake":false,"errorLabelSet":{}},"hosts":[],"iscryptd":false,"lastUpdateTime":26103396,"lastWriteDate":0,"logicalSessionTimeoutMinutes":null,"maxBsonObjectSize":null,"maxMessageSizeBytes":null,"maxWireVersion":0,"maxWriteBatchSize":null,"me":null,"minRoundTripTime":0,"minWireVersion":0,"passives":[],"primary":null,"roundTripTime":-1,"setName":null,"setVersion":null,"tags":{},"topologyVersion":null,"type":"Unknown"}},"setName":"atlas-13y5df-shard-0","stale":false,"type":"ReplicaSetNoPrimary"},"stack":"MongooseServerSelectionError: Could not connect to any servers in your MongoDB Atlas cluster. One common reason is that you're trying to access the database from an IP that isn't whitelisted. Make sure your current IP address is on your Atlas cluster's IP whitelist: https://www.mongodb.com/docs/atlas/security-whitelist/\n    at _handleConnectionErrors (C:\\Users\\akps1\\OneDrive\\Documents\\WebD\\Web2\\Project1\\backend\\node_modules\\mongoose\\lib\\connection.js:1169:11)\n    at NativeConnection.openUri (C:\\Users\\akps1\\OneDrive\\Documents\\WebD\\Web2\\Project1\\backend\\node_modules\\mongoose\\lib\\connection.js:1100:11)","timestamp":"2025-12-18T15:24:47.308Z"}
